
------------------------------------------------------
********** Begin Client Log **********

Current date and time is: Sat Jul 28 20:43:17 CDT 2018
Process ID is 34905

Command sent was: ls

Result received from the server: 
2part
a3p1Client.log
a3p1Server.log
alarm
alarmtime.c
client
client.c
clientv0.c
con
conEchoServer.c
echo
echoClient.c
echoServer.c
errtemp.txt
open
popen.c
pp
serer
server
server.c
servo
temp.txt
timeClient
timeClient.c
timeServer
timeServer.c

********** End Client Log   **********
------------------------------------------------------

------------------------------------------------------
********** Begin Client Log **********

Current date and time is: Sat Jul 28 20:43:22 CDT 2018
Process ID is 34913

Command sent was: ps

Result received from the server: 
  PID TTY          TIME CMD
34508 pts/20   00:00:00 bash
34896 pts/20   00:00:00 server
34917 pts/20   00:00:00 ps

********** End Client Log   **********
------------------------------------------------------

------------------------------------------------------
********** Begin Client Log **********

Current date and time is: Sat Jul 28 20:43:26 CDT 2018
Process ID is 34922

Command sent was: pwd

Result received from the server: 
/home/010/p/px/pxp165330/1socket

********** End Client Log   **********
------------------------------------------------------

------------------------------------------------------
********** Begin Client Log **********

Current date and time is: Sat Jul 28 20:43:32 CDT 2018
Process ID is 34932

Command sent was: ls | grep ".c"

Result received from the server: 
alarmtime.c
client.c
clientv0.c
conEchoServer.c
echo
echoClient.c
echoServer.c
popen.c
server.c
timeClient.c
timeServer.c

********** End Client Log   **********
------------------------------------------------------

------------------------------------------------------
********** Begin Client Log **********

Current date and time is: Sat Jul 28 20:43:47 CDT 2018
Process ID is 35105
